<?xml version="1.0" encoding="UTF-8"?>
<!-- Generated by org.testng.reporters.JUnitReportReporter -->
<testsuite hostname="DESKTOP-J6T6ICC" failures="0" tests="1" name="productSearch.st.Story1_SearchBar" time="9.014" errors="0" timestamp="06 Sep 2021 07:12:22 GMT" skipped="0">
  <testcase classname="productSearch.st.Story1_SearchBar" name="TC_01_searchProduct" time="9.014"/>
</testsuite> <!-- productSearch.st.Story1_SearchBar -->
